<?xml version="1.0" encoding="UTF-8"?>
<!-- Generated by org.testng.reporters.JUnitReportReporter -->
<testsuite hostname="DESKTOP-DIA066U" failures="0" tests="2" name="tests.ReviewCase" time="16.591" errors="0" timestamp="2022-04-15T23:07:47 EET" skipped="0">
  <testcase classname="tests.ReviewCase" name="search" time="13.254"/>
  <system-out/>
  <testcase classname="tests.ReviewCase" name="register" time="3.337"/>
  <system-out/>
</testsuite> <!-- tests.ReviewCase -->
