<?xml version="1.0" encoding="UTF-8"?>
<!-- Generated by org.testng.reporters.JUnitReportReporter -->
<testsuite hostname="DESKTOP-DIA066U" failures="0" tests="2" name="tests.CompareCase" time="28.464" errors="0" timestamp="2022-04-15T23:07:47 EET" skipped="0">
  <testcase classname="tests.CompareCase" name="searchasus" time="17.500"/>
  <system-out/>
  <testcase classname="tests.CompareCase" name="searchformac" time="10.964"/>
  <system-out/>
</testsuite> <!-- tests.CompareCase -->
