<?xml version="1.0" encoding="UTF-8"?>
<!-- Generated by org.testng.reporters.JUnitReportReporter -->
<testsuite hostname="DESKTOP-DIA066U" failures="0" tests="12" name="tests.RegistrationCase" time="48.455" errors="0" timestamp="2022-04-15T23:07:47 EET" skipped="0">
  <testcase classname="tests.RegistrationCase" name="register" time="3.298"/>
  <system-out/>
  <testcase classname="tests.RegistrationCase" name="register" time="3.436"/>
  <system-out/>
  <testcase classname="tests.RegistrationCase" name="register" time="4.242"/>
  <system-out/>
  <testcase classname="tests.RegistrationCase" name="register" time="3.614"/>
  <system-out/>
  <testcase classname="tests.RegistrationCase" name="register" time="9.933"/>
  <system-out/>
  <testcase classname="tests.RegistrationCase" name="register" time="2.684"/>
  <system-out/>
  <testcase classname="tests.RegistrationCase" name="login" time="4.899"/>
  <system-out/>
  <testcase classname="tests.RegistrationCase" name="login" time="3.677"/>
  <system-out/>
  <testcase classname="tests.RegistrationCase" name="login" time="2.853"/>
  <system-out/>
  <testcase classname="tests.RegistrationCase" name="login" time="3.695"/>
  <system-out/>
  <testcase classname="tests.RegistrationCase" name="login" time="2.918"/>
  <system-out/>
  <testcase classname="tests.RegistrationCase" name="login" time="3.206"/>
  <system-out/>
</testsuite> <!-- tests.RegistrationCase -->
