<?xml version="1.0" encoding="UTF-8"?>
<!-- Generated by org.testng.reporters.JUnitReportReporter -->
<testsuite hostname="DESKTOP-DIA066U" failures="0" tests="1" name="tests.HoverCase" time="1.852" errors="0" timestamp="2022-04-15T23:07:47 EET" skipped="0">
  <testcase classname="tests.HoverCase" name="hover" time="1.852"/>
  <system-out/>
</testsuite> <!-- tests.HoverCase -->
