<?xml version="1.0" encoding="UTF-8"?>
<!-- Generated by org.testng.reporters.JUnitReportReporter -->
<testsuite hostname="DESKTOP-DIA066U" failures="0" tests="3" name="tests.SendEmailCase" time="8.479" errors="0" timestamp="2022-04-15T23:07:47 EET" skipped="0">
  <testcase classname="tests.SendEmailCase" name="enterinfo" time="0.819"/>
  <system-out/>
  <testcase classname="tests.SendEmailCase" name="register" time="3.042"/>
  <system-out/>
  <testcase classname="tests.SendEmailCase" name="search" time="4.618"/>
  <system-out/>
</testsuite> <!-- tests.SendEmailCase -->
